<?xml version="1.0" encoding="UTF-8"?>
<!-- Generated by org.testng.reporters.JUnitReportReporter -->
<testsuite skipped="0" hostname="DESKTOP-IUTETS9" name="mobile.Guru99.homepage" tests="1" failures="0" timestamp="22 Mar 2019 23:04:22 GMT" time="19.573" errors="0">
  <testcase name="test" time="19.573" classname="mobile.Guru99.homepage"/>
</testsuite> <!-- mobile.Guru99.homepage -->
