<?xml version="1.0" encoding="UTF-8"?>
<!-- Generated by org.testng.reporters.JUnitReportReporter -->
<testsuite skipped="0" hostname="DESKTOP-IUTETS9" name="Com.wbl.Test.ReverseTest" tests="2" failures="0" timestamp="05 Jun 2019 21:04:10 GMT" time="0.018" errors="0">
  <testcase name="revTest" time="0.014" classname="Com.wbl.Test.ReverseTest"/>
  <testcase name="revTest1" time="0.004" classname="Com.wbl.Test.ReverseTest"/>
</testsuite> <!-- Com.wbl.Test.ReverseTest -->
