<?xml version="1.0" encoding="UTF-8"?>
<!-- Generated by org.testng.reporters.JUnitReportReporter -->
<testsuite skipped="0" hostname="DESKTOP-IUTETS9" name="Com.wbl.Test.VowelsTest" tests="1" failures="0" timestamp="16 Aug 2019 15:39:21 GMT" time="0.006" errors="0">
  <testcase name="test2" time="0.006" classname="Com.wbl.Test.VowelsTest"/>
</testsuite> <!-- Com.wbl.Test.VowelsTest -->
