<?xml version="1.0" encoding="UTF-8"?>
<!-- Generated by org.testng.reporters.JUnitReportReporter -->
<testsuite skipped="0" hostname="DESKTOP-IUTETS9" name="Com.wbl.Test.LoginPageTest" tests="1" failures="0" timestamp="10 May 2019 00:19:29 GMT" time="0.021" errors="0">
  <testcase name="verifyLogin" time="0.021" classname="Com.wbl.Test.LoginPageTest"/>
</testsuite> <!-- Com.wbl.Test.LoginPageTest -->
