<?xml version="1.0" encoding="UTF-8"?>
<!-- Generated by org.testng.reporters.JUnitReportReporter -->
<testsuite skipped="0" hostname="DESKTOP-IUTETS9" name="Com.wbl.Test.DataprovidrClass" tests="2" failures="0" timestamp="22 Sep 2019 13:27:32 GMT" time="0.021" errors="0">
  <testcase name="dataCheck" time="0.015" classname="Com.wbl.Test.DataprovidrClass"/>
  <testcase name="dataCheck" time="0.006" classname="Com.wbl.Test.DataprovidrClass"/>
</testsuite> <!-- Com.wbl.Test.DataprovidrClass -->
