<?xml version="1.0" encoding="UTF-8"?>
<!-- Generated by org.testng.reporters.JUnitReportReporter -->
<testsuite skipped="0" hostname="DESKTOP-IUTETS9" name="Com.wbl.Test.Groups1" tests="1" failures="0" timestamp="22 Sep 2019 13:19:11 GMT" time="0.019" errors="0">
  <testcase name="test1" time="0.019" classname="Com.wbl.Test.Groups1"/>
</testsuite> <!-- Com.wbl.Test.Groups1 -->
