<?xml version="1.0" encoding="UTF-8"?>
<!-- Generated by org.testng.reporters.JUnitReportReporter -->
<testsuite skipped="0" hostname="DESKTOP-IUTETS9" name="Com.wbl.Test.Priority" tests="5" failures="0" timestamp="22 Sep 2019 13:27:32 GMT" time="0.025" errors="0">
  <testcase name="abc1" time="0.004" classname="Com.wbl.Test.Priority"/>
  <testcase name="bca" time="0.002" classname="Com.wbl.Test.Priority"/>
  <testcase name="xyz" time="0.007" classname="Com.wbl.Test.Priority"/>
  <testcase name="pqr" time="0.009" classname="Com.wbl.Test.Priority"/>
  <testcase name="getTest" time="0.003" classname="Com.wbl.Test.Priority"/>
</testsuite> <!-- Com.wbl.Test.Priority -->
