<?xml version="1.0" encoding="UTF-8"?>
<!-- Generated by org.testng.reporters.JUnitReportReporter -->
<testsuite skipped="0" hostname="DESKTOP-IUTETS9" name="Com.wbl.Test.dataprovider" tests="2" failures="0" timestamp="10 May 2019 16:06:23 GMT" time="0.026" errors="0">
  <testcase name="printDtat" time="0.010" classname="Com.wbl.Test.dataprovider"/>
  <testcase name="printDtat" time="0.016" classname="Com.wbl.Test.dataprovider"/>
</testsuite> <!-- Com.wbl.Test.dataprovider -->
