<?xml version="1.0" encoding="UTF-8"?>
<!-- Generated by org.testng.reporters.JUnitReportReporter -->
<testsuite skipped="0" hostname="DESKTOP-IUTETS9" name="Com.wbl.Test.Groups2" tests="1" failures="0" timestamp="22 Sep 2019 13:19:11 GMT" time="0.004" errors="0">
  <testcase name="tes2" time="0.004" classname="Com.wbl.Test.Groups2"/>
</testsuite> <!-- Com.wbl.Test.Groups2 -->
