<?xml version="1.0" encoding="UTF-8"?>
<!-- Generated by org.testng.reporters.JUnitReportReporter -->
<testsuite skipped="0" hostname="DESKTOP-IUTETS9" name="practice.DataDriven" tests="2" failures="0" timestamp="26 Feb 2019 22:50:46 GMT" time="0.128" errors="0">
  <testcase name="setProperties" time="0.115" classname="practice.DataDriven"/>
  <testcase name="getProperties" time="0.013" classname="practice.DataDriven"/>
</testsuite> <!-- practice.DataDriven -->
