<?xml version="1.0" encoding="UTF-8"?>
<!-- Generated by org.testng.reporters.JUnitReportReporter -->
<testsuite skipped="0" hostname="DESKTOP-IUTETS9" name="practice.Group" tests="2" failures="0" timestamp="16 Aug 2019 16:32:05 GMT" time="0.025" errors="0">
  <testcase name="Login" time="0.023" classname="practice.Group"/>
  <testcase name="Submit" time="0.002" classname="practice.Group"/>
</testsuite> <!-- practice.Group -->
