<?xml version="1.0" encoding="UTF-8"?>
<!-- Generated by org.testng.reporters.JUnitReportReporter -->
<testsuite skipped="0" hostname="DESKTOP-IUTETS9" name="practice.Groups2" tests="2" failures="0" timestamp="16 Aug 2019 16:32:05 GMT" time="0.003" errors="0">
  <testcase name="test1" time="0.002" classname="practice.Groups2"/>
  <testcase name="test2" time="0.001" classname="practice.Groups2"/>
</testsuite> <!-- practice.Groups2 -->
