<?xml version="1.0" encoding="UTF-8"?>
<!-- Generated by org.testng.reporters.JUnitReportReporter -->
<testsuite skipped="0" hostname="DESKTOP-IUTETS9" name="com.bl.base.Base" tests="1" failures="0" timestamp="27 Feb 2019 00:01:13 GMT" time="13.615" errors="0">
  <testcase name="beforeClass" time="13.615" classname="com.bl.base.Base"/>
</testsuite> <!-- com.bl.base.Base -->
