<?xml version="1.0" encoding="UTF-8"?>
<!-- Generated by org.testng.reporters.JUnitReportReporter -->
<testsuite skipped="0" hostname="DESKTOP-IUTETS9" name="Frames" tests="1" failures="0" timestamp="02 Aug 2019 16:15:02 GMT" time="50.118" errors="0">
  <testcase name="swithchingToFrames" time="50.118" classname="Frames"/>
</testsuite> <!-- Frames -->
