<?xml version="1.0" encoding="UTF-8"?>
<!-- Generated by org.testng.reporters.JUnitReportReporter -->
<testsuite skipped="0" hostname="DESKTOP-IUTETS9" name="AddCookie" tests="1" failures="0" timestamp="27 Aug 2019 15:38:56 GMT" time="11.474" errors="0">
  <testcase name="cookiesTest" time="11.474" classname="AddCookie"/>
</testsuite> <!-- AddCookie -->
