<?xml version="1.0" encoding="UTF-8"?>
<!-- Generated by org.testng.reporters.JUnitReportReporter -->
<testsuite skipped="0" hostname="DESKTOP-IUTETS9" name="Autoit" tests="1" failures="0" timestamp="27 Aug 2019 22:30:47 GMT" time="9.202" errors="0">
  <testcase name="fileUpload" time="9.202" classname="Autoit"/>
</testsuite> <!-- Autoit -->
