<?xml version="1.0" encoding="UTF-8"?>
<!-- Generated by org.testng.reporters.JUnitReportReporter -->
<testsuite skipped="0" hostname="DESKTOP-IUTETS9" name="WindowHandels" tests="1" failures="0" timestamp="16 Sep 2019 23:48:49 GMT" time="29.914" errors="0">
  <testcase name="swithchingToChildWindow" time="29.914" classname="WindowHandels"/>
</testsuite> <!-- WindowHandels -->
