<?xml version="1.0" encoding="UTF-8"?>
<!-- Generated by org.testng.reporters.JUnitReportReporter -->
<testsuite skipped="0" hostname="DESKTOP-IUTETS9" name="Cookies1" tests="1" failures="0" timestamp="27 Aug 2019 15:31:24 GMT" time="12.595" errors="0">
  <testcase name="cookiesTest" time="12.595" classname="Cookies1"/>
</testsuite> <!-- Cookies1 -->
