<?xml version="1.0" encoding="UTF-8"?>
<!-- Generated by org.testng.reporters.JUnitReportReporter -->
<testsuite skipped="0" hostname="DESKTOP-IUTETS9" name="ImplicWait" tests="1" failures="0" timestamp="27 Aug 2019 16:14:52 GMT" time="16.068" errors="0">
  <testcase name="elementWait" time="16.068" classname="ImplicWait"/>
</testsuite> <!-- ImplicWait -->
