<?xml version="1.0" encoding="UTF-8"?>
<!-- Generated by org.testng.reporters.JUnitReportReporter -->
<testsuite skipped="0" hostname="DESKTOP-IUTETS9" name="DragAndDropAction" tests="1" failures="0" timestamp="28 Aug 2019 18:36:04 GMT" time="20.494" errors="0">
  <testcase name="doDragAndDrop" time="20.494" classname="DragAndDropAction"/>
</testsuite> <!-- DragAndDropAction -->
