<?xml version="1.0" encoding="UTF-8"?>
<!-- Generated by org.testng.reporters.JUnitReportReporter -->
<testsuite skipped="0" hostname="DESKTOP-IUTETS9" name="ActionsApi" tests="1" failures="0" timestamp="02 Aug 2019 17:56:40 GMT" time="10.517" errors="0">
  <testcase name="onMouseOver" time="10.517" classname="ActionsApi"/>
</testsuite> <!-- ActionsApi -->
