<?xml version="1.0" encoding="UTF-8"?>
<!-- Generated by org.testng.reporters.JUnitReportReporter -->
<testsuite skipped="0" hostname="DESKTOP-IUTETS9" name="com.wbl.FirstApiTest" tests="1" failures="0" timestamp="03 Aug 2019 00:08:46 GMT" time="3.429" errors="0">
  <testcase name="getTest" time="3.429" classname="com.wbl.FirstApiTest"/>
</testsuite> <!-- com.wbl.FirstApiTest -->
