<?xml version="1.0" encoding="UTF-8"?>
<!-- Generated by org.testng.reporters.JUnitReportReporter -->
<testsuite skipped="0" hostname="DESKTOP-IUTETS9" name="com.wbl.PostRequestOauth1_0" tests="1" failures="0" timestamp="31 Jul 2019 20:37:37 GMT" time="3.863" errors="0">
  <testcase name="postRequest" time="3.863" classname="com.wbl.PostRequestOauth1_0"/>
</testsuite> <!-- com.wbl.PostRequestOauth1_0 -->
