<?xml version="1.0" encoding="UTF-8"?>
<!-- Generated by org.testng.reporters.JUnitReportReporter -->
<testsuite skipped="0" hostname="DESKTOP-IUTETS9" name="mobile.RestAssuredBdd.Example1" tests="1" failures="0" timestamp="07 May 2019 22:48:56 GMT" time="5.571" errors="0">
  <testcase name="oauthtest" time="5.571" classname="mobile.RestAssuredBdd.Example1"/>
</testsuite> <!-- mobile.RestAssuredBdd.Example1 -->
