<?xml version="1.0" encoding="UTF-8"?>
<!-- Generated by org.testng.reporters.JUnitReportReporter -->
<testsuite skipped="0" hostname="DESKTOP-IUTETS9" name="GoogleApi" tests="1" failures="0" timestamp="19 Jul 2019 18:52:58 GMT" time="3.709" errors="0">
  <testcase name="test1" time="3.709" classname="GoogleApi"/>
</testsuite> <!-- GoogleApi -->
