<?xml version="1.0" encoding="UTF-8"?>
<!-- Generated by org.testng.reporters.JUnitReportReporter -->
<testsuite skipped="0" hostname="DESKTOP-IUTETS9" name="GetReq" tests="2" failures="0" timestamp="19 Jul 2019 19:13:11 GMT" time="8.877" errors="0">
  <testcase name="test1" time="6.394" classname="GetReq"/>
  <testcase name="postTest" time="2.483" classname="GetReq"/>
</testsuite> <!-- GetReq -->
