<?xml version="1.0" encoding="UTF-8"?>
<!-- Generated by org.testng.reporters.JUnitReportReporter -->
<testsuite skipped="0" hostname="DESKTOP-IUTETS9" name="TestNG.QuitClose" tests="1" failures="0" timestamp="21 Aug 2019 16:04:36 GMT" time="21.255" errors="0">
  <testcase name="close" time="21.255" classname="TestNG.QuitClose"/>
</testsuite> <!-- TestNG.QuitClose -->
